2026-02-27T22:20:05dialog-1772220002399{"status": "info", "message": "Account 8327190345 подключен к Telegram", "payload": null}

2026-02-27T22:20:05dialog-1772220002399{"status": "info", "message": "⏱️ Таймер сброшен: +5м (до 22:25:05)", "payload": null}

2026-02-27T22:20:07dialog-1772220002399{"status": "info", "message": "Follow-up пропущен: текущее время вне окна отправки 10:00-21:00", "payload": null}

2026-02-27T22:20:09dialog-1772220002399{"status": "info", "message": "⏱️ Таймер сброшен: +5м (до 22:25:09)", "payload": null}

2026-02-27T22:20:09dialog-1772220002399{"status": "info", "message": "⏱️ Таймер продлён: +3м (до 22:28:09)", "payload": null}

2026-02-27T22:20:09dialog-1772220002399{"status": "info", "message": "⏱️ Задача таймера отменена", "payload": null}

2026-02-27T22:20:10dialog-1772220002399{"status": "info", "message": "System-сообщений отправлено: 0, Диалогов с ответами: 1", "payload": null}

2026-02-27T22:20:10dialog-1772220002399{"status": "info", "message": "Новых диалогов начато: 0", "payload": null}

2026-02-27T22:20:10dialog-1772220002399{"status": "info", "message": "✅ Есть активность (всего: 1):\n - Новых диалогов: 0\n - Ответов: 1\n - System-сообщений: 0\n - Напоминаний: 0\n - Follow-up: 0\n - Таймер: 478с", "payload": null}

2026-02-27T22:20:10dialog-1772220002399{"status": "info", "message": "Account 8327190345 вошёл в режим ожидания. Таймер: 478с", "payload": null}

2026-02-27T22:20:40dialog-1772220002399{"status": "info", "message": "⏱️ Таймер: 448с до отключения", "payload": null}

2026-02-27T22:21:10dialog-1772220002399{"status": "info", "message": "⏱️ Таймер: 418с до отключения", "payload": null}

2026-02-27T22:21:11dialog-1772220002399{"status": "info", "message": "⏱️ Таймер сброшен: +5м (до 22:26:11)", "payload": null}

2026-02-27T22:21:11dialog-1772220002399{"status": "info", "message": "⏱️ Таймер продлён: +3м (до 22:29:11)", "payload": null}

2026-02-27T22:21:11dialog-1772220002399{"status": "info", "message": "⏱️ Задача таймера отменена", "payload": null}

2026-02-27T22:21:13dialog-1772220002399{"status": "info", "message": "Периодический скан:\n - Напоминаний: 0\n - System-сообщений: 0\n - Ответов: 1", "payload": null}

2026-02-27T22:21:43dialog-1772220002399{"status": "info", "message": "⏱️ Таймер: 448с до отключения", "payload": null}

2026-02-27T22:22:13dialog-1772220002399{"status": "info", "message": "⏱️ Таймер: 418с до отключения", "payload": null}

2026-02-27T22:22:14dialog-1772220002399{"status": "info", "message": "⏱️ Таймер сброшен: +5м (до 22:27:14)", "payload": null}

2026-02-27T22:22:14dialog-1772220002399{"status": "info", "message": "⏱️ Таймер продлён: +3м (до 22:30:14)", "payload": null}

2026-02-27T22:22:14dialog-1772220002399{"status": "info", "message": "⏱️ Задача таймера отменена", "payload": null}

2026-02-27T22:22:16dialog-1772220002399{"status": "info", "message": "Периодический скан:\n - Напоминаний: 0\n - System-сообщений: 0\n - Ответов: 1", "payload": null}

2026-02-27T22:22:46dialog-1772220002399{"status": "info", "message": "⏱️ Таймер: 447с до отключения", "payload": null}

2026-02-27T22:23:16dialog-1772220002399{"status": "info", "message": "⏱️ Таймер: 417с до отключения", "payload": null}

2026-02-27T22:23:17dialog-1772220002399{"status": "info", "message": "⏱️ Таймер сброшен: +5м (до 22:28:17)", "payload": null}

2026-02-27T22:23:17dialog-1772220002399{"status": "info", "message": "⏱️ Таймер продлён: +3м (до 22:31:17)", "payload": null}

2026-02-27T22:23:17dialog-1772220002399{"status": "info", "message": "⏱️ Задача таймера отменена", "payload": null}

2026-02-27T22:23:19dialog-1772220002399{"status": "info", "message": "Периодический скан:\n - Напоминаний: 0\n - System-сообщений: 0\n - Ответов: 1", "payload": null}

2026-02-27T22:23:49dialog-1772220002399{"status": "info", "message": "⏱️ Таймер: 448с до отключения", "payload": null}

2026-02-27T22:24:19dialog-1772220002399{"status": "info", "message": "⏱️ Таймер: 418с до отключения", "payload": null}

2026-02-27T22:24:19dialog-1772220002399{"status": "info", "message": "⏱️ Таймер сброшен: +5м (до 22:29:19)", "payload": null}

2026-02-27T22:24:19dialog-1772220002399{"status": "info", "message": "⏱️ Таймер продлён: +3м (до 22:32:19)", "payload": null}

2026-02-27T22:24:19dialog-1772220002399{"status": "info", "message": "⏱️ Задача таймера отменена", "payload": null}

2026-02-27T22:24:21dialog-1772220002399{"status": "info", "message": "Периодический скан:\n - Напоминаний: 0\n - System-сообщений: 0\n - Ответов: 1", "payload": null}

2026-02-27T22:24:51dialog-1772220002399{"status": "info", "message": "⏱️ Таймер: 448с до отключения", "payload": null}

2026-02-27T22:25:21dialog-1772220002399{"status": "info", "message": "⏱️ Таймер: 418с до отключения", "payload": null}

2026-02-27T22:25:21dialog-1772220002399{"status": "info", "message": "⏱️ Таймер сброшен: +5м (до 22:30:21)", "payload": null}

2026-02-27T22:25:21dialog-1772220002399{"status": "info", "message": "⏱️ Таймер продлён: +3м (до 22:33:21)", "payload": null}

2026-02-27T22:25:21dialog-1772220002399{"status": "info", "message": "⏱️ Задача таймера отменена", "payload": null}

2026-02-27T22:25:23dialog-1772220002399{"status": "info", "message": "Периодический скан:\n - Напоминаний: 0\n - System-сообщений: 0\n - Ответов: 1", "payload": null}

2026-02-27T22:25:53dialog-1772220002399{"status": "info", "message": "⏱️ Таймер: 447с до отключения", "payload": null}

2026-02-27T22:26:23dialog-1772220002399{"status": "info", "message": "⏱️ Таймер: 417с до отключения", "payload": null}

2026-02-27T22:26:24dialog-1772220002399{"status": "info", "message": "⏱️ Таймер сброшен: +5м (до 22:31:24)", "payload": null}

2026-02-27T22:26:24dialog-1772220002399{"status": "info", "message": "⏱️ Таймер продлён: +3м (до 22:34:24)", "payload": null}

2026-02-27T22:26:24dialog-1772220002399{"status": "info", "message": "⏱️ Задача таймера отменена", "payload": null}

2026-02-27T22:26:26dialog-1772220002399{"status": "info", "message": "Периодический скан:\n - Напоминаний: 0\n - System-сообщений: 0\n - Ответов: 1", "payload": null}

2026-02-27T22:26:56dialog-1772220002399{"status": "info", "message": "⏱️ Таймер: 447с до отключения", "payload": null}

2026-02-27T22:27:26dialog-1772220002399{"status": "info", "message": "⏱️ Таймер: 417с до отключения", "payload": null}

2026-02-27T22:27:27dialog-1772220002399{"status": "info", "message": "⏱️ Таймер сброшен: +5м (до 22:32:27)", "payload": null}

2026-02-27T22:27:27dialog-1772220002399{"status": "info", "message": "⏱️ Таймер продлён: +3м (до 22:35:27)", "payload": null}

2026-02-27T22:27:27dialog-1772220002399{"status": "info", "message": "⏱️ Задача таймера отменена", "payload": null}

2026-02-27T22:27:28dialog-1772220002399{"status": "info", "message": "Периодический скан:\n - Напоминаний: 0\n - System-сообщений: 0\n - Ответов: 1", "payload": null}

2026-02-27T22:27:58dialog-1772220002399{"status": "info", "message": "⏱️ Таймер: 448с до отключения", "payload": null}

2026-02-27T22:28:28dialog-1772220002399{"status": "info", "message": "⏱️ Таймер: 418с до отключения", "payload": null}

2026-02-27T22:28:29dialog-1772220002399{"status": "info", "message": "⏱️ Таймер сброшен: +5м (до 22:33:29)", "payload": null}

2026-02-27T22:28:29dialog-1772220002399{"status": "info", "message": "⏱️ Таймер продлён: +3м (до 22:36:29)", "payload": null}

2026-02-27T22:28:29dialog-1772220002399{"status": "info", "message": "⏱️ Задача таймера отменена", "payload": null}

2026-02-27T22:28:31dialog-1772220002399{"status": "info", "message": "Периодический скан:\n - Напоминаний: 0\n - System-сообщений: 0\n - Ответов: 1", "payload": null}

2026-02-27T22:29:01dialog-1772220002399{"status": "info", "message": "⏱️ Таймер: 447с до отключения", "payload": null}

2026-02-27T22:29:31dialog-1772220002399{"status": "info", "message": "⏱️ Таймер: 417с до отключения", "payload": null}

2026-02-27T22:29:32dialog-1772220002399{"status": "info", "message": "⏱️ Таймер сброшен: +5м (до 22:34:32)", "payload": null}

2026-02-27T22:29:32dialog-1772220002399{"status": "info", "message": "⏱️ Таймер продлён: +3м (до 22:37:32)", "payload": null}

2026-02-27T22:29:32dialog-1772220002399{"status": "info", "message": "⏱️ Задача таймера отменена", "payload": null}

2026-02-27T22:29:33dialog-1772220002399{"status": "info", "message": "Периодический скан:\n - Напоминаний: 0\n - System-сообщений: 0\n - Ответов: 1", "payload": null}

2026-02-27T22:30:03dialog-1772220002399{"status": "info", "message": "⏱️ Таймер: 448с до отключения", "payload": null}

2026-02-27T22:30:33dialog-1772220002399{"status": "info", "message": "⏱️ Таймер: 418с до отключения", "payload": null}

2026-02-27T22:30:34dialog-1772220002399{"status": "info", "message": "⏱️ Таймер сброшен: +5м (до 22:35:34)", "payload": null}

2026-02-27T22:30:34dialog-1772220002399{"status": "info", "message": "⏱️ Таймер продлён: +3м (до 22:38:34)", "payload": null}

2026-02-27T22:30:34dialog-1772220002399{"status": "info", "message": "⏱️ Задача таймера отменена", "payload": null}

2026-02-27T22:30:36dialog-1772220002399{"status": "info", "message": "Периодический скан:\n - Напоминаний: 0\n - System-сообщений: 0\n - Ответов: 1", "payload": null}

2026-02-27T22:31:06dialog-1772220002399{"status": "info", "message": "⏱️ Таймер: 447с до отключения", "payload": null}

2026-02-27T22:31:36dialog-1772220002399{"status": "info", "message": "⏱️ Таймер: 417с до отключения", "payload": null}

2026-02-27T22:31:36dialog-1772220002399{"status": "info", "message": "⏱️ Таймер сброшен: +5м (до 22:36:36)", "payload": null}

2026-02-27T22:31:36dialog-1772220002399{"status": "info", "message": "⏱️ Таймер продлён: +3м (до 22:39:36)", "payload": null}

2026-02-27T22:31:36dialog-1772220002399{"status": "info", "message": "⏱️ Задача таймера отменена", "payload": null}

2026-02-27T22:31:37dialog-1772220002399{"status": "info", "message": "Периодический скан:\n - Напоминаний: 0\n - System-сообщений: 0\n - Ответов: 1", "payload": null}

2026-02-27T22:32:07dialog-1772220002399{"status": "info", "message": "⏱️ Таймер: 448с до отключения", "payload": null}

2026-02-27T22:32:37dialog-1772220002399{"status": "info", "message": "⏱️ Таймер: 418с до отключения", "payload": null}

2026-02-27T22:32:38dialog-1772220002399{"status": "info", "message": "⏱️ Таймер сброшен: +5м (до 22:37:38)", "payload": null}

2026-02-27T22:32:38dialog-1772220002399{"status": "info", "message": "⏱️ Таймер продлён: +3м (до 22:40:38)", "payload": null}

2026-02-27T22:32:38dialog-1772220002399{"status": "info", "message": "⏱️ Задача таймера отменена", "payload": null}

2026-02-27T22:32:39dialog-1772220002399{"status": "info", "message": "Периодический скан:\n - Напоминаний: 0\n - System-сообщений: 0\n - Ответов: 1", "payload": null}

2026-02-27T22:33:09dialog-1772220002399{"status": "info", "message": "⏱️ Таймер: 448с до отключения", "payload": null}

2026-02-27T22:33:40dialog-1772220002399{"status": "info", "message": "⏱️ Таймер: 418с до отключения", "payload": null}

2026-02-27T22:33:40dialog-1772220002399{"status": "info", "message": "⏱️ Таймер сброшен: +5м (до 22:38:40)", "payload": null}

2026-02-27T22:33:40dialog-1772220002399{"status": "info", "message": "⏱️ Таймер продлён: +3м (до 22:41:40)", "payload": null}

2026-02-27T22:33:40dialog-1772220002399{"status": "info", "message": "⏱️ Задача таймера отменена", "payload": null}

2026-02-27T22:33:42dialog-1772220002399{"status": "info", "message": "Периодический скан:\n - Напоминаний: 0\n - System-сообщений: 0\n - Ответов: 1", "payload": null}

2026-02-27T22:34:12dialog-1772220002399{"status": "info", "message": "⏱️ Таймер: 447с до отключения", "payload": null}

2026-02-27T22:34:42dialog-1772220002399{"status": "info", "message": "⏱️ Таймер: 417с до отключения", "payload": null}

2026-02-27T22:34:42dialog-1772220002399{"status": "info", "message": "⏱️ Таймер сброшен: +5м (до 22:39:42)", "payload": null}

2026-02-27T22:34:42dialog-1772220002399{"status": "info", "message": "⏱️ Таймер продлён: +3м (до 22:42:42)", "payload": null}

2026-02-27T22:34:42dialog-1772220002399{"status": "info", "message": "⏱️ Задача таймера отменена", "payload": null}

2026-02-27T22:34:45dialog-1772220002399{"status": "info", "message": "Периодический скан:\n - Напоминаний: 0\n - System-сообщений: 0\n - Ответов: 1", "payload": null}

2026-02-27T22:35:15dialog-1772220002399{"status": "info", "message": "⏱️ Таймер: 447с до отключения", "payload": null}

2026-02-27T22:35:45dialog-1772220002399{"status": "info", "message": "⏱️ Таймер: 417с до отключения", "payload": null}

2026-02-27T22:35:45dialog-1772220002399{"status": "info", "message": "⏱️ Таймер сброшен: +5м (до 22:40:45)", "payload": null}

2026-02-27T22:35:45dialog-1772220002399{"status": "info", "message": "⏱️ Таймер продлён: +3м (до 22:43:45)", "payload": null}

2026-02-27T22:35:45dialog-1772220002399{"status": "info", "message": "⏱️ Задача таймера отменена", "payload": null}

2026-02-27T22:35:48dialog-1772220002399{"status": "info", "message": "Периодический скан:\n - Напоминаний: 0\n - System-сообщений: 0\n - Ответов: 1", "payload": null}

2026-02-27T22:36:18dialog-1772220002399{"status": "info", "message": "⏱️ Таймер: 447с до отключения", "payload": null}

2026-02-27T22:36:48dialog-1772220002399{"status": "info", "message": "⏱️ Таймер: 417с до отключения", "payload": null}

2026-02-27T22:36:49dialog-1772220002399{"status": "info", "message": "⏱️ Таймер сброшен: +5м (до 22:41:49)", "payload": null}

2026-02-27T22:36:49dialog-1772220002399{"status": "info", "message": "⏱️ Таймер продлён: +3м (до 22:44:49)", "payload": null}

2026-02-27T22:36:49dialog-1772220002399{"status": "info", "message": "⏱️ Задача таймера отменена", "payload": null}

2026-02-27T22:36:51dialog-1772220002399{"status": "info", "message": "Периодический скан:\n - Напоминаний: 0\n - System-сообщений: 0\n - Ответов: 1", "payload": null}

2026-02-27T22:37:21dialog-1772220002399{"status": "info", "message": "⏱️ Таймер: 448с до отключения", "payload": null}

2026-02-27T22:37:51dialog-1772220002399{"status": "info", "message": "⏱️ Таймер: 418с до отключения", "payload": null}

2026-02-27T22:37:51dialog-1772220002399{"status": "info", "message": "⏱️ Таймер сброшен: +5м (до 22:42:51)", "payload": null}

2026-02-27T22:37:51dialog-1772220002399{"status": "info", "message": "⏱️ Таймер продлён: +3м (до 22:45:51)", "payload": null}

2026-02-27T22:37:51dialog-1772220002399{"status": "info", "message": "⏱️ Задача таймера отменена", "payload": null}

2026-02-27T22:37:54dialog-1772220002399{"status": "info", "message": "Периодический скан:\n - Напоминаний: 0\n - System-сообщений: 0\n - Ответов: 1", "payload": null}

2026-02-27T22:38:24dialog-1772220002399{"status": "info", "message": "⏱️ Таймер: 447с до отключения", "payload": null}

2026-02-27T22:38:54dialog-1772220002399{"status": "info", "message": "⏱️ Таймер: 417с до отключения", "payload": null}

2026-02-27T22:38:55dialog-1772220002399{"status": "info", "message": "⏱️ Таймер сброшен: +5м (до 22:43:55)", "payload": null}

2026-02-27T22:38:55dialog-1772220002399{"status": "info", "message": "⏱️ Таймер продлён: +3м (до 22:46:55)", "payload": null}

2026-02-27T22:38:55dialog-1772220002399{"status": "info", "message": "⏱️ Задача таймера отменена", "payload": null}

2026-02-27T22:38:56dialog-1772220002399{"status": "info", "message": "Периодический скан:\n - Напоминаний: 0\n - System-сообщений: 0\n - Ответов: 1", "payload": null}

2026-02-27T22:39:26dialog-1772220002399{"status": "info", "message": "⏱️ Таймер: 448с до отключения", "payload": null}

2026-02-27T22:39:56dialog-1772220002399{"status": "info", "message": "⏱️ Таймер: 418с до отключения", "payload": null}

2026-02-27T22:39:57dialog-1772220002399{"status": "info", "message": "⏱️ Таймер сброшен: +5м (до 22:44:57)", "payload": null}

2026-02-27T22:39:57dialog-1772220002399{"status": "info", "message": "⏱️ Таймер продлён: +3м (до 22:47:57)", "payload": null}

2026-02-27T22:39:57dialog-1772220002399{"status": "info", "message": "⏱️ Задача таймера отменена", "payload": null}

2026-02-27T22:39:59dialog-1772220002399{"status": "info", "message": "Периодический скан:\n - Напоминаний: 0\n - System-сообщений: 0\n - Ответов: 1", "payload": null}

2026-02-27T22:40:29dialog-1772220002399{"status": "info", "message": "⏱️ Таймер: 448с до отключения", "payload": null}

2026-02-27T22:40:59dialog-1772220002399{"status": "info", "message": "⏱️ Таймер: 418с до отключения", "payload": null}

2026-02-27T22:40:59dialog-1772220002399{"status": "info", "message": "⏱️ Таймер сброшен: +5м (до 22:45:59)", "payload": null}

2026-02-27T22:40:59dialog-1772220002399{"status": "info", "message": "⏱️ Таймер продлён: +3м (до 22:48:59)", "payload": null}

2026-02-27T22:40:59dialog-1772220002399{"status": "info", "message": "⏱️ Задача таймера отменена", "payload": null}

2026-02-27T22:41:01dialog-1772220002399{"status": "info", "message": "Периодический скан:\n - Напоминаний: 0\n - System-сообщений: 0\n - Ответов: 1", "payload": null}

2026-02-27T22:41:31dialog-1772220002399{"status": "info", "message": "⏱️ Таймер: 448с до отключения", "payload": null}

2026-02-27T22:42:01dialog-1772220002399{"status": "info", "message": "⏱️ Таймер: 418с до отключения", "payload": null}

2026-02-27T22:42:02dialog-1772220002399{"status": "info", "message": "⏱️ Таймер сброшен: +5м (до 22:47:02)", "payload": null}

2026-02-27T22:42:02dialog-1772220002399{"status": "info", "message": "⏱️ Таймер продлён: +3м (до 22:50:02)", "payload": null}

2026-02-27T22:42:02dialog-1772220002399{"status": "info", "message": "⏱️ Задача таймера отменена", "payload": null}

2026-02-27T22:42:03dialog-1772220002399{"status": "info", "message": "Периодический скан:\n - Напоминаний: 0\n - System-сообщений: 0\n - Ответов: 1", "payload": null}

2026-02-27T22:42:33dialog-1772220002399{"status": "info", "message": "⏱️ Таймер: 448с до отключения", "payload": null}

2026-02-27T22:43:03dialog-1772220002399{"status": "info", "message": "⏱️ Таймер: 418с до отключения", "payload": null}

2026-02-27T22:43:04dialog-1772220002399{"status": "info", "message": "⏱️ Таймер сброшен: +5м (до 22:48:04)", "payload": null}

2026-02-27T22:43:04dialog-1772220002399{"status": "info", "message": "⏱️ Таймер продлён: +3м (до 22:51:04)", "payload": null}

2026-02-27T22:43:04dialog-1772220002399{"status": "info", "message": "⏱️ Задача таймера отменена", "payload": null}

2026-02-27T22:43:06dialog-1772220002399{"status": "info", "message": "Периодический скан:\n - Напоминаний: 0\n - System-сообщений: 0\n - Ответов: 1", "payload": null}

2026-02-27T22:43:36dialog-1772220002399{"status": "info", "message": "⏱️ Таймер: 447с до отключения", "payload": null}

2026-02-27T22:44:06dialog-1772220002399{"status": "info", "message": "⏱️ Таймер: 417с до отключения", "payload": null}

2026-02-27T22:44:07dialog-1772220002399{"status": "info", "message": "⏱️ Таймер сброшен: +5м (до 22:49:07)", "payload": null}

2026-02-27T22:44:07dialog-1772220002399{"status": "info", "message": "⏱️ Таймер продлён: +3м (до 22:52:07)", "payload": null}

2026-02-27T22:44:07dialog-1772220002399{"status": "info", "message": "⏱️ Задача таймера отменена", "payload": null}

2026-02-27T22:44:09dialog-1772220002399{"status": "info", "message": "Периодический скан:\n - Напоминаний: 0\n - System-сообщений: 0\n - Ответов: 1", "payload": null}

2026-02-27T22:44:39dialog-1772220002399{"status": "info", "message": "⏱️ Таймер: 447с до отключения", "payload": null}

2026-02-27T22:45:09dialog-1772220002399{"status": "info", "message": "⏱️ Таймер: 417с до отключения", "payload": null}

2026-02-27T22:45:09dialog-1772220002399{"status": "info", "message": "⏱️ Таймер сброшен: +5м (до 22:50:09)", "payload": null}

2026-02-27T22:45:09dialog-1772220002399{"status": "info", "message": "⏱️ Таймер продлён: +3м (до 22:53:09)", "payload": null}

2026-02-27T22:45:09dialog-1772220002399{"status": "info", "message": "⏱️ Задача таймера отменена", "payload": null}

2026-02-27T22:45:12dialog-1772220002399{"status": "info", "message": "Периодический скан:\n - Напоминаний: 0\n - System-сообщений: 0\n - Ответов: 1", "payload": null}

2026-02-27T22:45:42dialog-1772220002399{"status": "info", "message": "⏱️ Таймер: 447с до отключения", "payload": null}

2026-02-27T22:46:12dialog-1772220002399{"status": "info", "message": "⏱️ Таймер: 417с до отключения", "payload": null}

2026-02-27T22:46:12dialog-1772220002399{"status": "info", "message": "⏱️ Таймер сброшен: +5м (до 22:51:12)", "payload": null}

2026-02-27T22:46:12dialog-1772220002399{"status": "info", "message": "⏱️ Таймер продлён: +3м (до 22:54:12)", "payload": null}

2026-02-27T22:46:12dialog-1772220002399{"status": "info", "message": "⏱️ Задача таймера отменена", "payload": null}

2026-02-27T22:46:15dialog-1772220002399{"status": "info", "message": "Периодический скан:\n - Напоминаний: 0\n - System-сообщений: 0\n - Ответов: 1", "payload": null}

2026-02-27T22:46:45dialog-1772220002399{"status": "info", "message": "⏱️ Таймер: 447с до отключения", "payload": null}

2026-02-27T22:47:15dialog-1772220002399{"status": "info", "message": "⏱️ Таймер: 417с до отключения", "payload": null}

2026-02-27T22:47:15dialog-1772220002399{"status": "info", "message": "⏱️ Таймер сброшен: +5м (до 22:52:15)", "payload": null}

2026-02-27T22:47:15dialog-1772220002399{"status": "info", "message": "⏱️ Таймер продлён: +3м (до 22:55:15)", "payload": null}

2026-02-27T22:47:15dialog-1772220002399{"status": "info", "message": "⏱️ Задача таймера отменена", "payload": null}

2026-02-27T22:47:17dialog-1772220002399{"status": "info", "message": "Периодический скан:\n - Напоминаний: 0\n - System-сообщений: 0\n - Ответов: 1", "payload": null}

2026-02-27T22:47:47dialog-1772220002399{"status": "info", "message": "⏱️ Таймер: 448с до отключения", "payload": null}

2026-02-27T22:48:17dialog-1772220002399{"status": "info", "message": "⏱️ Таймер: 418с до отключения", "payload": null}

2026-02-27T22:48:17dialog-1772220002399{"status": "info", "message": "⏱️ Таймер сброшен: +5м (до 22:53:17)", "payload": null}

2026-02-27T22:48:17dialog-1772220002399{"status": "info", "message": "⏱️ Таймер продлён: +3м (до 22:56:17)", "payload": null}

2026-02-27T22:48:17dialog-1772220002399{"status": "info", "message": "⏱️ Задача таймера отменена", "payload": null}

2026-02-27T22:48:19dialog-1772220002399{"status": "info", "message": "Периодический скан:\n - Напоминаний: 0\n - System-сообщений: 0\n - Ответов: 1", "payload": null}

2026-02-27T22:48:49dialog-1772220002399{"status": "info", "message": "⏱️ Таймер: 448с до отключения", "payload": null}

2026-02-27T22:49:19dialog-1772220002399{"status": "info", "message": "⏱️ Таймер: 418с до отключения", "payload": null}

2026-02-27T22:49:20dialog-1772220002399{"status": "info", "message": "⏱️ Таймер сброшен: +5м (до 22:54:20)", "payload": null}

2026-02-27T22:49:20dialog-1772220002399{"status": "info", "message": "⏱️ Таймер продлён: +3м (до 22:57:20)", "payload": null}

2026-02-27T22:49:20dialog-1772220002399{"status": "info", "message": "⏱️ Задача таймера отменена", "payload": null}

2026-02-27T22:49:22dialog-1772220002399{"status": "info", "message": "Периодический скан:\n - Напоминаний: 0\n - System-сообщений: 0\n - Ответов: 1", "payload": null}

2026-02-27T22:49:52dialog-1772220002399{"status": "info", "message": "⏱️ Таймер: 448с до отключения", "payload": null}

2026-02-27T22:50:22dialog-1772220002399{"status": "info", "message": "⏱️ Таймер: 418с до отключения", "payload": null}

2026-02-27T22:50:23dialog-1772220002399{"status": "info", "message": "⏱️ Таймер сброшен: +5м (до 22:55:23)", "payload": null}

2026-02-27T22:50:23dialog-1772220002399{"status": "info", "message": "⏱️ Таймер продлён: +3м (до 22:58:23)", "payload": null}

2026-02-27T22:50:23dialog-1772220002399{"status": "info", "message": "⏱️ Задача таймера отменена", "payload": null}

2026-02-27T22:50:25dialog-1772220002399{"status": "info", "message": "Периодический скан:\n - Напоминаний: 0\n - System-сообщений: 0\n - Ответов: 1", "payload": null}

2026-02-27T22:50:55dialog-1772220002399{"status": "info", "message": "⏱️ Таймер: 448с до отключения", "payload": null}

2026-02-27T22:51:25dialog-1772220002399{"status": "info", "message": "⏱️ Таймер: 418с до отключения", "payload": null}

2026-02-27T22:51:25dialog-1772220002399{"status": "info", "message": "⏱️ Таймер сброшен: +5м (до 22:56:25)", "payload": null}

2026-02-27T22:51:25dialog-1772220002399{"status": "info", "message": "⏱️ Таймер продлён: +3м (до 22:59:25)", "payload": null}

2026-02-27T22:51:25dialog-1772220002399{"status": "info", "message": "⏱️ Задача таймера отменена", "payload": null}

2026-02-27T22:51:28dialog-1772220002399{"status": "info", "message": "Периодический скан:\n - Напоминаний: 0\n - System-сообщений: 0\n - Ответов: 1", "payload": null}

2026-02-27T22:51:58dialog-1772220002399{"status": "info", "message": "⏱️ Таймер: 447с до отключения", "payload": null}

2026-02-27T22:52:28dialog-1772220002399{"status": "info", "message": "⏱️ Таймер: 417с до отключения", "payload": null}

2026-02-27T22:52:28dialog-1772220002399{"status": "info", "message": "⏱️ Таймер сброшен: +5м (до 22:57:28)", "payload": null}

2026-02-27T22:52:28dialog-1772220002399{"status": "info", "message": "⏱️ Таймер продлён: +3м (до 23:00:28)", "payload": null}

2026-02-27T22:52:28dialog-1772220002399{"status": "info", "message": "⏱️ Задача таймера отменена", "payload": null}

2026-02-27T22:52:30dialog-1772220002399{"status": "info", "message": "Периодический скан:\n - Напоминаний: 0\n - System-сообщений: 0\n - Ответов: 1", "payload": null}

2026-02-27T22:53:00dialog-1772220002399{"status": "info", "message": "⏱️ Таймер: 448с до отключения", "payload": null}

2026-02-27T22:53:30dialog-1772220002399{"status": "info", "message": "⏱️ Таймер: 418с до отключения", "payload": null}

2026-02-27T22:53:30dialog-1772220002399{"status": "info", "message": "⏱️ Таймер сброшен: +5м (до 22:58:30)", "payload": null}

2026-02-27T22:53:30dialog-1772220002399{"status": "info", "message": "⏱️ Таймер продлён: +3м (до 23:01:30)", "payload": null}

2026-02-27T22:53:30dialog-1772220002399{"status": "info", "message": "⏱️ Задача таймера отменена", "payload": null}

2026-02-27T22:53:32dialog-1772220002399{"status": "info", "message": "Периодический скан:\n - Напоминаний: 0\n - System-сообщений: 0\n - Ответов: 1", "payload": null}

2026-02-27T22:54:02dialog-1772220002399{"status": "info", "message": "⏱️ Таймер: 448с до отключения", "payload": null}

2026-02-27T22:54:32dialog-1772220002399{"status": "info", "message": "⏱️ Таймер: 418с до отключения", "payload": null}

2026-02-27T22:54:33dialog-1772220002399{"status": "info", "message": "⏱️ Таймер сброшен: +5м (до 22:59:33)", "payload": null}

2026-02-27T22:54:33dialog-1772220002399{"status": "info", "message": "⏱️ Таймер продлён: +3м (до 23:02:33)", "payload": null}

2026-02-27T22:54:33dialog-1772220002399{"status": "info", "message": "⏱️ Задача таймера отменена", "payload": null}

2026-02-27T22:54:36dialog-1772220002399{"status": "info", "message": "Периодический скан:\n - Напоминаний: 0\n - System-сообщений: 0\n - Ответов: 1", "payload": null}

2026-02-27T22:55:06dialog-1772220002399{"status": "info", "message": "⏱️ Таймер: 446с до отключения", "payload": null}

2026-02-27T22:55:36dialog-1772220002399{"status": "info", "message": "⏱️ Таймер: 416с до отключения", "payload": null}

2026-02-27T22:55:36dialog-1772220002399{"status": "info", "message": "⏱️ Таймер сброшен: +5м (до 23:00:36)", "payload": null}

2026-02-27T22:55:36dialog-1772220002399{"status": "info", "message": "⏱️ Таймер продлён: +3м (до 23:03:36)", "payload": null}

2026-02-27T22:55:36dialog-1772220002399{"status": "info", "message": "⏱️ Задача таймера отменена", "payload": null}

2026-02-27T22:55:39dialog-1772220002399{"status": "info", "message": "Периодический скан:\n - Напоминаний: 0\n - System-сообщений: 0\n - Ответов: 1", "payload": null}

2026-02-27T22:56:09dialog-1772220002399{"status": "info", "message": "⏱️ Таймер: 447с до отключения", "payload": null}

2026-02-27T22:56:39dialog-1772220002399{"status": "info", "message": "⏱️ Таймер: 417с до отключения", "payload": null}

2026-02-27T22:56:39dialog-1772220002399{"status": "info", "message": "⏱️ Таймер сброшен: +5м (до 23:01:39)", "payload": null}

2026-02-27T22:56:39dialog-1772220002399{"status": "info", "message": "⏱️ Таймер продлён: +3м (до 23:04:39)", "payload": null}

2026-02-27T22:56:39dialog-1772220002399{"status": "info", "message": "⏱️ Задача таймера отменена", "payload": null}

2026-02-27T22:56:41dialog-1772220002399{"status": "info", "message": "Периодический скан:\n - Напоминаний: 0\n - System-сообщений: 0\n - Ответов: 1", "payload": null}

2026-02-27T22:57:11dialog-1772220002399{"status": "info", "message": "⏱️ Таймер: 448с до отключения", "payload": null}

2026-02-27T22:57:41dialog-1772220002399{"status": "info", "message": "⏱️ Таймер: 418с до отключения", "payload": null}

2026-02-27T22:57:41dialog-1772220002399{"status": "info", "message": "⏱️ Таймер сброшен: +5м (до 23:02:41)", "payload": null}

2026-02-27T22:57:41dialog-1772220002399{"status": "info", "message": "⏱️ Таймер продлён: +3м (до 23:05:41)", "payload": null}

2026-02-27T22:57:41dialog-1772220002399{"status": "info", "message": "⏱️ Задача таймера отменена", "payload": null}

2026-02-27T22:57:45dialog-1772220002399{"status": "info", "message": "Периодический скан:\n - Напоминаний: 0\n - System-сообщений: 0\n - Ответов: 1", "payload": null}

2026-02-27T22:58:15dialog-1772220002399{"status": "info", "message": "⏱️ Таймер: 446с до отключения", "payload": null}

2026-02-27T22:58:45dialog-1772220002399{"status": "info", "message": "⏱️ Таймер: 416с до отключения", "payload": null}

2026-02-27T22:58:46dialog-1772220002399{"status": "info", "message": "⏱️ Таймер сброшен: +5м (до 23:03:46)", "payload": null}

2026-02-27T22:58:46dialog-1772220002399{"status": "info", "message": "⏱️ Таймер продлён: +3м (до 23:06:46)", "payload": null}

2026-02-27T22:58:46dialog-1772220002399{"status": "info", "message": "⏱️ Задача таймера отменена", "payload": null}

2026-02-27T22:58:48dialog-1772220002399{"status": "info", "message": "Периодический скан:\n - Напоминаний: 0\n - System-сообщений: 0\n - Ответов: 1", "payload": null}

2026-02-27T22:59:18dialog-1772220002399{"status": "info", "message": "⏱️ Таймер: 447с до отключения", "payload": null}

2026-02-27T22:59:48dialog-1772220002399{"status": "info", "message": "⏱️ Таймер: 417с до отключения", "payload": null}

2026-02-27T22:59:49dialog-1772220002399{"status": "info", "message": "⏱️ Таймер сброшен: +5м (до 23:04:49)", "payload": null}

2026-02-27T22:59:49dialog-1772220002399{"status": "info", "message": "⏱️ Таймер продлён: +3м (до 23:07:49)", "payload": null}

2026-02-27T22:59:49dialog-1772220002399{"status": "info", "message": "⏱️ Задача таймера отменена", "payload": null}

2026-02-27T22:59:50dialog-1772220002399{"status": "info", "message": "Периодический скан:\n - Напоминаний: 0\n - System-сообщений: 0\n - Ответов: 1", "payload": null}

2026-02-27T23:00:20dialog-1772220002399{"status": "info", "message": "⏱️ Таймер: 448с до отключения", "payload": null}

2026-02-27T23:00:50dialog-1772220002399{"status": "info", "message": "⏱️ Таймер: 418с до отключения", "payload": null}

2026-02-27T23:00:51dialog-1772220002399{"status": "info", "message": "⏱️ Таймер сброшен: +5м (до 23:05:51)", "payload": null}

2026-02-27T23:00:51dialog-1772220002399{"status": "info", "message": "⏱️ Таймер продлён: +3м (до 23:08:51)", "payload": null}

2026-02-27T23:00:51dialog-1772220002399{"status": "info", "message": "⏱️ Задача таймера отменена", "payload": null}

2026-02-27T23:00:53dialog-1772220002399{"status": "info", "message": "Периодический скан:\n - Напоминаний: 0\n - System-сообщений: 0\n - Ответов: 1", "payload": null}

2026-02-27T23:01:23dialog-1772220002399{"status": "info", "message": "⏱️ Таймер: 448с до отключения", "payload": null}

2026-02-27T23:01:53dialog-1772220002399{"status": "info", "message": "⏱️ Таймер: 418с до отключения", "payload": null}

2026-02-27T23:01:53dialog-1772220002399{"status": "info", "message": "⏱️ Таймер сброшен: +5м (до 23:06:53)", "payload": null}

2026-02-27T23:01:53dialog-1772220002399{"status": "info", "message": "⏱️ Таймер продлён: +3м (до 23:09:53)", "payload": null}

2026-02-27T23:01:53dialog-1772220002399{"status": "info", "message": "⏱️ Задача таймера отменена", "payload": null}

2026-02-27T23:01:56dialog-1772220002399{"status": "info", "message": "Периодический скан:\n - Напоминаний: 0\n - System-сообщений: 0\n - Ответов: 1", "payload": null}

2026-02-27T23:02:26dialog-1772220002399{"status": "info", "message": "⏱️ Таймер: 447с до отключения", "payload": null}

2026-02-27T23:02:56dialog-1772220002399{"status": "info", "message": "⏱️ Таймер: 417с до отключения", "payload": null}

2026-02-27T23:02:56dialog-1772220002399{"status": "info", "message": "⏱️ Таймер сброшен: +5м (до 23:07:56)", "payload": null}

2026-02-27T23:02:56dialog-1772220002399{"status": "info", "message": "⏱️ Таймер продлён: +3м (до 23:10:56)", "payload": null}

2026-02-27T23:02:56dialog-1772220002399{"status": "info", "message": "⏱️ Задача таймера отменена", "payload": null}

2026-02-27T23:02:59dialog-1772220002399{"status": "info", "message": "Периодический скан:\n - Напоминаний: 0\n - System-сообщений: 0\n - Ответов: 1", "payload": null}

2026-02-27T23:03:29dialog-1772220002399{"status": "info", "message": "⏱️ Таймер: 447с до отключения", "payload": null}

2026-02-27T23:03:59dialog-1772220002399{"status": "info", "message": "⏱️ Таймер: 417с до отключения", "payload": null}

2026-02-27T23:03:59dialog-1772220002399{"status": "info", "message": "⏱️ Таймер сброшен: +5м (до 23:08:59)", "payload": null}

2026-02-27T23:03:59dialog-1772220002399{"status": "info", "message": "⏱️ Таймер продлён: +3м (до 23:11:59)", "payload": null}

2026-02-27T23:03:59dialog-1772220002399{"status": "info", "message": "⏱️ Задача таймера отменена", "payload": null}

2026-02-27T23:04:00dialog-1772220002399{"status": "info", "message": "Периодический скан:\n - Напоминаний: 0\n - System-сообщений: 0\n - Ответов: 1", "payload": null}

2026-02-27T23:04:30dialog-1772220002399{"status": "info", "message": "⏱️ Таймер: 448с до отключения", "payload": null}

2026-02-27T23:05:00dialog-1772220002399{"status": "info", "message": "⏱️ Таймер: 418с до отключения", "payload": null}

2026-02-27T23:05:01dialog-1772220002399{"status": "info", "message": "⏱️ Таймер сброшен: +5м (до 23:10:01)", "payload": null}

2026-02-27T23:05:01dialog-1772220002399{"status": "info", "message": "⏱️ Таймер продлён: +3м (до 23:13:01)", "payload": null}

2026-02-27T23:05:01dialog-1772220002399{"status": "info", "message": "⏱️ Задача таймера отменена", "payload": null}

2026-02-27T23:05:03dialog-1772220002399{"status": "info", "message": "Периодический скан:\n - Напоминаний: 0\n - System-сообщений: 0\n - Ответов: 1", "payload": null}

2026-02-27T23:05:33dialog-1772220002399{"status": "info", "message": "⏱️ Таймер: 447с до отключения", "payload": null}

2026-02-27T23:06:03dialog-1772220002399{"status": "info", "message": "⏱️ Таймер: 417с до отключения", "payload": null}

2026-02-27T23:06:04dialog-1772220002399{"status": "info", "message": "⏱️ Таймер сброшен: +5м (до 23:11:04)", "payload": null}

2026-02-27T23:06:04dialog-1772220002399{"status": "info", "message": "⏱️ Таймер продлён: +3м (до 23:14:04)", "payload": null}

2026-02-27T23:06:04dialog-1772220002399{"status": "info", "message": "⏱️ Задача таймера отменена", "payload": null}

2026-02-27T23:06:06dialog-1772220002399{"status": "info", "message": "Периодический скан:\n - Напоминаний: 0\n - System-сообщений: 0\n - Ответов: 1", "payload": null}

2026-02-27T23:06:36dialog-1772220002399{"status": "info", "message": "⏱️ Таймер: 447с до отключения", "payload": null}

2026-02-27T23:07:06dialog-1772220002399{"status": "info", "message": "⏱️ Таймер: 417с до отключения", "payload": null}

2026-02-27T23:07:06dialog-1772220002399{"status": "info", "message": "⏱️ Таймер сброшен: +5м (до 23:12:06)", "payload": null}

2026-02-27T23:07:06dialog-1772220002399{"status": "info", "message": "⏱️ Таймер продлён: +3м (до 23:15:06)", "payload": null}

2026-02-27T23:07:06dialog-1772220002399{"status": "info", "message": "⏱️ Задача таймера отменена", "payload": null}

2026-02-27T23:07:08dialog-1772220002399{"status": "info", "message": "Периодический скан:\n - Напоминаний: 0\n - System-сообщений: 0\n - Ответов: 1", "payload": null}

2026-02-27T23:07:38dialog-1772220002399{"status": "info", "message": "⏱️ Таймер: 447с до отключения", "payload": null}

2026-02-27T23:08:08dialog-1772220002399{"status": "info", "message": "⏱️ Таймер: 417с до отключения", "payload": null}

2026-02-27T23:08:09dialog-1772220002399{"status": "info", "message": "⏱️ Таймер сброшен: +5м (до 23:13:09)", "payload": null}

2026-02-27T23:08:09dialog-1772220002399{"status": "info", "message": "⏱️ Таймер продлён: +3м (до 23:16:09)", "payload": null}

2026-02-27T23:08:09dialog-1772220002399{"status": "info", "message": "⏱️ Задача таймера отменена", "payload": null}

2026-02-27T23:08:11dialog-1772220002399{"status": "info", "message": "Периодический скан:\n - Напоминаний: 0\n - System-сообщений: 0\n - Ответов: 1", "payload": null}

2026-02-27T23:08:41dialog-1772220002399{"status": "info", "message": "⏱️ Таймер: 447с до отключения", "payload": null}

2026-02-27T23:09:11dialog-1772220002399{"status": "info", "message": "⏱️ Таймер: 417с до отключения", "payload": null}

2026-02-27T23:09:11dialog-1772220002399{"status": "info", "message": "⏱️ Таймер сброшен: +5м (до 23:14:11)", "payload": null}

2026-02-27T23:09:11dialog-1772220002399{"status": "info", "message": "⏱️ Таймер продлён: +3м (до 23:17:11)", "payload": null}

2026-02-27T23:09:11dialog-1772220002399{"status": "info", "message": "⏱️ Задача таймера отменена", "payload": null}

2026-02-27T23:09:13dialog-1772220002399{"status": "info", "message": "Периодический скан:\n - Напоминаний: 0\n - System-сообщений: 0\n - Ответов: 1", "payload": null}

2026-02-27T23:09:43dialog-1772220002399{"status": "info", "message": "⏱️ Таймер: 448с до отключения", "payload": null}

2026-02-27T23:10:13dialog-1772220002399{"status": "info", "message": "⏱️ Таймер: 418с до отключения", "payload": null}

2026-02-27T23:10:14dialog-1772220002399{"status": "info", "message": "⏱️ Таймер сброшен: +5м (до 23:15:14)", "payload": null}

2026-02-27T23:10:14dialog-1772220002399{"status": "info", "message": "⏱️ Таймер продлён: +3м (до 23:18:14)", "payload": null}

2026-02-27T23:10:14dialog-1772220002399{"status": "info", "message": "⏱️ Задача таймера отменена", "payload": null}

2026-02-27T23:10:16dialog-1772220002399{"status": "info", "message": "Периодический скан:\n - Напоминаний: 0\n - System-сообщений: 0\n - Ответов: 1", "payload": null}

2026-02-27T23:10:46dialog-1772220002399{"status": "info", "message": "⏱️ Таймер: 448с до отключения", "payload": null}

2026-02-27T23:11:16dialog-1772220002399{"status": "info", "message": "⏱️ Таймер: 418с до отключения", "payload": null}

2026-02-27T23:11:17dialog-1772220002399{"status": "info", "message": "⏱️ Таймер сброшен: +5м (до 23:16:17)", "payload": null}

2026-02-27T23:11:17dialog-1772220002399{"status": "info", "message": "⏱️ Таймер продлён: +3м (до 23:19:17)", "payload": null}

2026-02-27T23:11:17dialog-1772220002399{"status": "info", "message": "⏱️ Задача таймера отменена", "payload": null}

2026-02-27T23:11:18dialog-1772220002399{"status": "info", "message": "Периодический скан:\n - Напоминаний: 0\n - System-сообщений: 0\n - Ответов: 1", "payload": null}

2026-02-27T23:11:48dialog-1772220002399{"status": "info", "message": "⏱️ Таймер: 448с до отключения", "payload": null}

2026-02-27T23:12:18dialog-1772220002399{"status": "info", "message": "⏱️ Таймер: 418с до отключения", "payload": null}

2026-02-27T23:12:19dialog-1772220002399{"status": "info", "message": "⏱️ Таймер сброшен: +5м (до 23:17:19)", "payload": null}

2026-02-27T23:12:19dialog-1772220002399{"status": "info", "message": "⏱️ Таймер продлён: +3м (до 23:20:19)", "payload": null}

2026-02-27T23:12:19dialog-1772220002399{"status": "info", "message": "⏱️ Задача таймера отменена", "payload": null}

2026-02-27T23:12:21dialog-1772220002399{"status": "info", "message": "Периодический скан:\n - Напоминаний: 0\n - System-сообщений: 0\n - Ответов: 1", "payload": null}

2026-02-27T23:12:51dialog-1772220002399{"status": "info", "message": "⏱️ Таймер: 447с до отключения", "payload": null}

2026-02-27T23:13:21dialog-1772220002399{"status": "info", "message": "⏱️ Таймер: 417с до отключения", "payload": null}

2026-02-27T23:13:22dialog-1772220002399{"status": "info", "message": "⏱️ Таймер сброшен: +5м (до 23:18:22)", "payload": null}

2026-02-27T23:13:22dialog-1772220002399{"status": "info", "message": "⏱️ Таймер продлён: +3м (до 23:21:22)", "payload": null}

2026-02-27T23:13:22dialog-1772220002399{"status": "info", "message": "⏱️ Задача таймера отменена", "payload": null}

2026-02-27T23:13:24dialog-1772220002399{"status": "info", "message": "Периодический скан:\n - Напоминаний: 0\n - System-сообщений: 0\n - Ответов: 1", "payload": null}

2026-02-27T23:13:54dialog-1772220002399{"status": "info", "message": "⏱️ Таймер: 447с до отключения", "payload": null}

2026-02-27T23:14:24dialog-1772220002399{"status": "info", "message": "⏱️ Таймер: 417с до отключения", "payload": null}

2026-02-27T23:14:25dialog-1772220002399{"status": "info", "message": "⏱️ Таймер сброшен: +5м (до 23:19:25)", "payload": null}

2026-02-27T23:14:25dialog-1772220002399{"status": "info", "message": "⏱️ Таймер продлён: +3м (до 23:22:25)", "payload": null}

2026-02-27T23:14:25dialog-1772220002399{"status": "info", "message": "⏱️ Задача таймера отменена", "payload": null}

2026-02-27T23:14:27dialog-1772220002399{"status": "info", "message": "Периодический скан:\n - Напоминаний: 0\n - System-сообщений: 0\n - Ответов: 1", "payload": null}

2026-02-27T23:14:57dialog-1772220002399{"status": "info", "message": "⏱️ Таймер: 447с до отключения", "payload": null}

2026-02-27T23:15:27dialog-1772220002399{"status": "info", "message": "⏱️ Таймер: 417с до отключения", "payload": null}

2026-02-27T23:15:27dialog-1772220002399{"status": "info", "message": "⏱️ Таймер сброшен: +5м (до 23:20:27)", "payload": null}

2026-02-27T23:15:27dialog-1772220002399{"status": "info", "message": "⏱️ Таймер продлён: +3м (до 23:23:27)", "payload": null}

2026-02-27T23:15:27dialog-1772220002399{"status": "info", "message": "⏱️ Задача таймера отменена", "payload": null}

2026-02-27T23:15:29dialog-1772220002399{"status": "info", "message": "Периодический скан:\n - Напоминаний: 0\n - System-сообщений: 0\n - Ответов: 1", "payload": null}

2026-02-27T23:15:59dialog-1772220002399{"status": "info", "message": "⏱️ Таймер: 447с до отключения", "payload": null}

2026-02-27T23:16:29dialog-1772220002399{"status": "info", "message": "⏱️ Таймер: 417с до отключения", "payload": null}

2026-02-27T23:16:30dialog-1772220002399{"status": "info", "message": "⏱️ Таймер сброшен: +5м (до 23:21:30)", "payload": null}

2026-02-27T23:16:30dialog-1772220002399{"status": "info", "message": "⏱️ Таймер продлён: +3м (до 23:24:30)", "payload": null}

2026-02-27T23:16:30dialog-1772220002399{"status": "info", "message": "⏱️ Задача таймера отменена", "payload": null}

2026-02-27T23:16:32dialog-1772220002399{"status": "info", "message": "Периодический скан:\n - Напоминаний: 0\n - System-сообщений: 0\n - Ответов: 1", "payload": null}

2026-02-27T23:17:02dialog-1772220002399{"status": "info", "message": "⏱️ Таймер: 448с до отключения", "payload": null}

2026-02-27T23:17:32dialog-1772220002399{"status": "info", "message": "⏱️ Таймер: 418с до отключения", "payload": null}

2026-02-27T23:17:32dialog-1772220002399{"status": "info", "message": "⏱️ Таймер сброшен: +5м (до 23:22:32)", "payload": null}

2026-02-27T23:17:33dialog-1772220002399{"status": "info", "message": "⏱️ Таймер продлён: +3м (до 23:25:32)", "payload": null}

2026-02-27T23:17:33dialog-1772220002399{"status": "info", "message": "⏱️ Задача таймера отменена", "payload": null}

2026-02-27T23:17:34dialog-1772220002399{"status": "info", "message": "Периодический скан:\n - Напоминаний: 0\n - System-сообщений: 0\n - Ответов: 1", "payload": null}

2026-02-27T23:18:04dialog-1772220002399{"status": "info", "message": "⏱️ Таймер: 448с до отключения", "payload": null}

2026-02-27T23:18:34dialog-1772220002399{"status": "info", "message": "⏱️ Таймер: 418с до отключения", "payload": null}

2026-02-27T23:18:36dialog-1772220002399{"status": "info", "message": "⏱️ Таймер сброшен: +5м (до 23:23:36)", "payload": null}

2026-02-27T23:18:36dialog-1772220002399{"status": "info", "message": "⏱️ Таймер продлён: +3м (до 23:26:36)", "payload": null}

2026-02-27T23:18:36dialog-1772220002399{"status": "info", "message": "⏱️ Задача таймера отменена", "payload": null}

2026-02-27T23:18:38dialog-1772220002399{"status": "info", "message": "Периодический скан:\n - Напоминаний: 0\n - System-сообщений: 0\n - Ответов: 1", "payload": null}

2026-02-27T23:19:08dialog-1772220002399{"status": "info", "message": "⏱️ Таймер: 447с до отключения", "payload": null}

2026-02-27T23:19:38dialog-1772220002399{"status": "info", "message": "⏱️ Таймер: 417с до отключения", "payload": null}

2026-02-27T23:19:39dialog-1772220002399{"status": "info", "message": "⏱️ Таймер сброшен: +5м (до 23:24:39)", "payload": null}

2026-02-27T23:19:39dialog-1772220002399{"status": "info", "message": "⏱️ Таймер продлён: +3м (до 23:27:39)", "payload": null}

2026-02-27T23:19:39dialog-1772220002399{"status": "info", "message": "⏱️ Задача таймера отменена", "payload": null}

2026-02-27T23:19:40dialog-1772220002399{"status": "info", "message": "Периодический скан:\n - Напоминаний: 0\n - System-сообщений: 0\n - Ответов: 1", "payload": null}

2026-02-27T23:20:10dialog-1772220002399{"status": "info", "message": "⏱️ Таймер: 448с до отключения", "payload": null}

2026-02-27T23:20:40dialog-1772220002399{"status": "info", "message": "⏱️ Таймер: 418с до отключения", "payload": null}

2026-02-27T23:20:41dialog-1772220002399{"status": "info", "message": "⏱️ Таймер сброшен: +5м (до 23:25:41)", "payload": null}

2026-02-27T23:20:41dialog-1772220002399{"status": "info", "message": "⏱️ Таймер продлён: +3м (до 23:28:41)", "payload": null}

2026-02-27T23:20:41dialog-1772220002399{"status": "info", "message": "⏱️ Задача таймера отменена", "payload": null}

2026-02-27T23:20:42dialog-1772220002399{"status": "info", "message": "Периодический скан:\n - Напоминаний: 0\n - System-сообщений: 0\n - Ответов: 1", "payload": null}

2026-02-27T23:21:12dialog-1772220002399{"status": "info", "message": "⏱️ Таймер: 448с до отключения", "payload": null}

2026-02-27T23:21:42dialog-1772220002399{"status": "info", "message": "⏱️ Таймер: 418с до отключения", "payload": null}

2026-02-27T23:21:43dialog-1772220002399{"status": "info", "message": "⏱️ Таймер сброшен: +5м (до 23:26:43)", "payload": null}

2026-02-27T23:21:43dialog-1772220002399{"status": "info", "message": "⏱️ Таймер продлён: +3м (до 23:29:43)", "payload": null}

2026-02-27T23:21:43dialog-1772220002399{"status": "info", "message": "⏱️ Задача таймера отменена", "payload": null}

2026-02-27T23:21:44dialog-1772220002399{"status": "info", "message": "Периодический скан:\n - Напоминаний: 0\n - System-сообщений: 0\n - Ответов: 1", "payload": null}

2026-02-27T23:22:14dialog-1772220002399{"status": "info", "message": "⏱️ Таймер: 448с до отключения", "payload": null}

2026-02-27T23:22:44dialog-1772220002399{"status": "info", "message": "⏱️ Таймер: 418с до отключения", "payload": null}

2026-02-27T23:22:45dialog-1772220002399{"status": "info", "message": "⏱️ Таймер сброшен: +5м (до 23:27:45)", "payload": null}

2026-02-27T23:22:45dialog-1772220002399{"status": "info", "message": "⏱️ Таймер продлён: +3м (до 23:30:45)", "payload": null}

2026-02-27T23:22:45dialog-1772220002399{"status": "info", "message": "⏱️ Задача таймера отменена", "payload": null}

2026-02-27T23:22:47dialog-1772220002399{"status": "info", "message": "Периодический скан:\n - Напоминаний: 0\n - System-сообщений: 0\n - Ответов: 1", "payload": null}

2026-02-27T23:23:17dialog-1772220002399{"status": "info", "message": "⏱️ Таймер: 448с до отключения", "payload": null}

2026-02-27T23:23:47dialog-1772220002399{"status": "info", "message": "⏱️ Таймер: 418с до отключения", "payload": null}

2026-02-27T23:23:47dialog-1772220002399{"status": "info", "message": "⏱️ Таймер сброшен: +5м (до 23:28:47)", "payload": null}

2026-02-27T23:23:47dialog-1772220002399{"status": "info", "message": "⏱️ Таймер продлён: +3м (до 23:31:47)", "payload": null}

2026-02-27T23:23:47dialog-1772220002399{"status": "info", "message": "⏱️ Задача таймера отменена", "payload": null}

2026-02-27T23:23:50dialog-1772220002399{"status": "info", "message": "Периодический скан:\n - Напоминаний: 0\n - System-сообщений: 0\n - Ответов: 1", "payload": null}

2026-02-27T23:24:20dialog-1772220002399{"status": "info", "message": "⏱️ Таймер: 447с до отключения", "payload": null}

2026-02-27T23:24:50dialog-1772220002399{"status": "info", "message": "⏱️ Таймер: 417с до отключения", "payload": null}

2026-02-27T23:24:50dialog-1772220002399{"status": "info", "message": "⏱️ Таймер сброшен: +5м (до 23:29:50)", "payload": null}

2026-02-27T23:24:50dialog-1772220002399{"status": "info", "message": "⏱️ Таймер продлён: +3м (до 23:32:50)", "payload": null}

2026-02-27T23:24:50dialog-1772220002399{"status": "info", "message": "⏱️ Задача таймера отменена", "payload": null}

2026-02-27T23:24:52dialog-1772220002399{"status": "info", "message": "Периодический скан:\n - Напоминаний: 0\n - System-сообщений: 0\n - Ответов: 1", "payload": null}

2026-02-27T23:25:22dialog-1772220002399{"status": "info", "message": "⏱️ Таймер: 447с до отключения", "payload": null}

2026-02-27T23:25:52dialog-1772220002399{"status": "info", "message": "⏱️ Таймер: 417с до отключения", "payload": null}

2026-02-27T23:25:53dialog-1772220002399{"status": "info", "message": "⏱️ Таймер сброшен: +5м (до 23:30:53)", "payload": null}

2026-02-27T23:25:53dialog-1772220002399{"status": "info", "message": "⏱️ Таймер продлён: +3м (до 23:33:53)", "payload": null}

2026-02-27T23:25:53dialog-1772220002399{"status": "info", "message": "⏱️ Задача таймера отменена", "payload": null}

2026-02-27T23:25:55dialog-1772220002399{"status": "info", "message": "Периодический скан:\n - Напоминаний: 0\n - System-сообщений: 0\n - Ответов: 1", "payload": null}

2026-02-27T23:26:25dialog-1772220002399{"status": "info", "message": "⏱️ Таймер: 448с до отключения", "payload": null}

2026-02-27T23:26:55dialog-1772220002399{"status": "info", "message": "⏱️ Таймер: 418с до отключения", "payload": null}

2026-02-27T23:26:56dialog-1772220002399{"status": "info", "message": "⏱️ Таймер сброшен: +5м (до 23:31:56)", "payload": null}

2026-02-27T23:26:56dialog-1772220002399{"status": "info", "message": "⏱️ Таймер продлён: +3м (до 23:34:56)", "payload": null}

2026-02-27T23:26:56dialog-1772220002399{"status": "info", "message": "⏱️ Задача таймера отменена", "payload": null}

2026-02-27T23:26:59dialog-1772220002399{"status": "info", "message": "Периодический скан:\n - Напоминаний: 0\n - System-сообщений: 0\n - Ответов: 1", "payload": null}

2026-02-27T23:27:29dialog-1772220002399{"status": "info", "message": "⏱️ Таймер: 447с до отключения", "payload": null}

2026-02-27T23:27:59dialog-1772220002399{"status": "info", "message": "⏱️ Таймер: 417с до отключения", "payload": null}

2026-02-27T23:27:59dialog-1772220002399{"status": "info", "message": "⏱️ Таймер сброшен: +5м (до 23:32:59)", "payload": null}

2026-02-27T23:27:59dialog-1772220002399{"status": "info", "message": "⏱️ Таймер продлён: +3м (до 23:35:59)", "payload": null}

2026-02-27T23:27:59dialog-1772220002399{"status": "info", "message": "⏱️ Задача таймера отменена", "payload": null}

2026-02-27T23:28:01dialog-1772220002399{"status": "info", "message": "Периодический скан:\n - Напоминаний: 0\n - System-сообщений: 0\n - Ответов: 1", "payload": null}

2026-02-27T23:28:31dialog-1772220002399{"status": "info", "message": "⏱️ Таймер: 447с до отключения", "payload": null}

2026-02-27T23:29:01dialog-1772220002399{"status": "info", "message": "⏱️ Таймер: 417с до отключения", "payload": null}

2026-02-27T23:29:02dialog-1772220002399{"status": "info", "message": "⏱️ Таймер сброшен: +5м (до 23:34:02)", "payload": null}

2026-02-27T23:29:02dialog-1772220002399{"status": "info", "message": "⏱️ Таймер продлён: +3м (до 23:37:02)", "payload": null}

2026-02-27T23:29:02dialog-1772220002399{"status": "info", "message": "⏱️ Задача таймера отменена", "payload": null}

2026-02-27T23:29:03dialog-1772220002399{"status": "info", "message": "Периодический скан:\n - Напоминаний: 0\n - System-сообщений: 0\n - Ответов: 1", "payload": null}

2026-02-27T23:29:33dialog-1772220002399{"status": "info", "message": "⏱️ Таймер: 448с до отключения", "payload": null}

2026-02-27T23:30:03dialog-1772220002399{"status": "info", "message": "⏱️ Таймер: 418с до отключения", "payload": null}

2026-02-27T23:30:04dialog-1772220002399{"status": "info", "message": "⏱️ Таймер сброшен: +5м (до 23:35:04)", "payload": null}

2026-02-27T23:30:04dialog-1772220002399{"status": "info", "message": "⏱️ Таймер продлён: +3м (до 23:38:04)", "payload": null}

2026-02-27T23:30:04dialog-1772220002399{"status": "info", "message": "⏱️ Задача таймера отменена", "payload": null}

2026-02-27T23:30:06dialog-1772220002399{"status": "info", "message": "Периодический скан:\n - Напоминаний: 0\n - System-сообщений: 0\n - Ответов: 1", "payload": null}

2026-02-27T23:30:36dialog-1772220002399{"status": "info", "message": "⏱️ Таймер: 447с до отключения", "payload": null}

2026-02-27T23:31:06dialog-1772220002399{"status": "info", "message": "⏱️ Таймер: 417с до отключения", "payload": null}

2026-02-27T23:31:07dialog-1772220002399{"status": "info", "message": "⏱️ Таймер сброшен: +5м (до 23:36:07)", "payload": null}

2026-02-27T23:31:07dialog-1772220002399{"status": "info", "message": "⏱️ Таймер продлён: +3м (до 23:39:07)", "payload": null}

2026-02-27T23:31:07dialog-1772220002399{"status": "info", "message": "⏱️ Задача таймера отменена", "payload": null}

2026-02-27T23:31:09dialog-1772220002399{"status": "info", "message": "Периодический скан:\n - Напоминаний: 0\n - System-сообщений: 0\n - Ответов: 1", "payload": null}

2026-02-27T23:31:39dialog-1772220002399{"status": "info", "message": "⏱️ Таймер: 448с до отключения", "payload": null}

2026-02-27T23:32:09dialog-1772220002399{"status": "info", "message": "⏱️ Таймер: 418с до отключения", "payload": null}

2026-02-27T23:32:09dialog-1772220002399{"status": "info", "message": "⏱️ Таймер сброшен: +5м (до 23:37:09)", "payload": null}

2026-02-27T23:32:09dialog-1772220002399{"status": "info", "message": "⏱️ Таймер продлён: +3м (до 23:40:09)", "payload": null}

2026-02-27T23:32:09dialog-1772220002399{"status": "info", "message": "⏱️ Задача таймера отменена", "payload": null}

2026-02-27T23:32:10dialog-1772220002399{"status": "info", "message": "Периодический скан:\n - Напоминаний: 0\n - System-сообщений: 0\n - Ответов: 1", "payload": null}

2026-02-27T23:32:40dialog-1772220002399{"status": "info", "message": "⏱️ Таймер: 448с до отключения", "payload": null}

2026-02-27T23:33:10dialog-1772220002399{"status": "info", "message": "⏱️ Таймер: 418с до отключения", "payload": null}

2026-02-27T23:33:11dialog-1772220002399{"status": "info", "message": "⏱️ Таймер сброшен: +5м (до 23:38:11)", "payload": null}

2026-02-27T23:33:11dialog-1772220002399{"status": "info", "message": "⏱️ Таймер продлён: +3м (до 23:41:11)", "payload": null}

2026-02-27T23:33:11dialog-1772220002399{"status": "info", "message": "⏱️ Задача таймера отменена", "payload": null}

2026-02-27T23:33:14dialog-1772220002399{"status": "info", "message": "Периодический скан:\n - Напоминаний: 0\n - System-сообщений: 0\n - Ответов: 1", "payload": null}

2026-02-27T23:33:44dialog-1772220002399{"status": "info", "message": "⏱️ Таймер: 447с до отключения", "payload": null}

2026-02-27T23:34:14dialog-1772220002399{"status": "info", "message": "⏱️ Таймер: 417с до отключения", "payload": null}

2026-02-27T23:34:15dialog-1772220002399{"status": "info", "message": "⏱️ Таймер сброшен: +5м (до 23:39:15)", "payload": null}

2026-02-27T23:34:15dialog-1772220002399{"status": "info", "message": "⏱️ Таймер продлён: +3м (до 23:42:15)", "payload": null}

2026-02-27T23:34:15dialog-1772220002399{"status": "info", "message": "⏱️ Задача таймера отменена", "payload": null}

2026-02-27T23:34:17dialog-1772220002399{"status": "info", "message": "Периодический скан:\n - Напоминаний: 0\n - System-сообщений: 0\n - Ответов: 1", "payload": null}

2026-02-27T23:34:47dialog-1772220002399{"status": "info", "message": "⏱️ Таймер: 448с до отключения", "payload": null}

2026-02-27T23:35:17dialog-1772220002399{"status": "info", "message": "⏱️ Таймер: 418с до отключения", "payload": null}

2026-02-27T23:35:17dialog-1772220002399{"status": "info", "message": "⏱️ Таймер сброшен: +5м (до 23:40:17)", "payload": null}

2026-02-27T23:35:17dialog-1772220002399{"status": "info", "message": "⏱️ Таймер продлён: +3м (до 23:43:17)", "payload": null}

2026-02-27T23:35:17dialog-1772220002399{"status": "info", "message": "⏱️ Задача таймера отменена", "payload": null}

2026-02-27T23:35:19dialog-1772220002399{"status": "info", "message": "Периодический скан:\n - Напоминаний: 0\n - System-сообщений: 0\n - Ответов: 1", "payload": null}

2026-02-27T23:35:49dialog-1772220002399{"status": "info", "message": "⏱️ Таймер: 448с до отключения", "payload": null}

2026-02-27T23:36:19dialog-1772220002399{"status": "info", "message": "⏱️ Таймер: 418с до отключения", "payload": null}

2026-02-27T23:36:19dialog-1772220002399{"status": "info", "message": "⏱️ Таймер сброшен: +5м (до 23:41:19)", "payload": null}

2026-02-27T23:36:19dialog-1772220002399{"status": "info", "message": "⏱️ Таймер продлён: +3м (до 23:44:19)", "payload": null}

2026-02-27T23:36:19dialog-1772220002399{"status": "info", "message": "⏱️ Задача таймера отменена", "payload": null}

2026-02-27T23:36:21dialog-1772220002399{"status": "info", "message": "Периодический скан:\n - Напоминаний: 0\n - System-сообщений: 0\n - Ответов: 1", "payload": null}

2026-02-27T23:36:51dialog-1772220002399{"status": "info", "message": "⏱️ Таймер: 448с до отключения", "payload": null}

2026-02-27T23:37:21dialog-1772220002399{"status": "info", "message": "⏱️ Таймер: 418с до отключения", "payload": null}

2026-02-27T23:37:22dialog-1772220002399{"status": "info", "message": "⏱️ Таймер сброшен: +5м (до 23:42:22)", "payload": null}

2026-02-27T23:37:22dialog-1772220002399{"status": "info", "message": "⏱️ Таймер продлён: +3м (до 23:45:22)", "payload": null}

2026-02-27T23:37:22dialog-1772220002399{"status": "info", "message": "⏱️ Задача таймера отменена", "payload": null}

2026-02-27T23:37:24dialog-1772220002399{"status": "info", "message": "Периодический скан:\n - Напоминаний: 0\n - System-сообщений: 0\n - Ответов: 1", "payload": null}

2026-02-27T23:37:54dialog-1772220002399{"status": "info", "message": "⏱️ Таймер: 447с до отключения", "payload": null}

2026-02-27T23:38:24dialog-1772220002399{"status": "info", "message": "⏱️ Таймер: 417с до отключения", "payload": null}

2026-02-27T23:38:25dialog-1772220002399{"status": "info", "message": "⏱️ Таймер сброшен: +5м (до 23:43:25)", "payload": null}

2026-02-27T23:38:25dialog-1772220002399{"status": "info", "message": "⏱️ Таймер продлён: +3м (до 23:46:25)", "payload": null}

2026-02-27T23:38:25dialog-1772220002399{"status": "info", "message": "⏱️ Задача таймера отменена", "payload": null}

2026-02-27T23:38:28dialog-1772220002399{"status": "info", "message": "Периодический скан:\n - Напоминаний: 0\n - System-сообщений: 0\n - Ответов: 1", "payload": null}

2026-02-27T23:38:58dialog-1772220002399{"status": "info", "message": "⏱️ Таймер: 446с до отключения", "payload": null}

2026-02-27T23:39:28dialog-1772220002399{"status": "info", "message": "⏱️ Таймер: 416с до отключения", "payload": null}

2026-02-27T23:39:28dialog-1772220002399{"status": "info", "message": "⏱️ Таймер сброшен: +5м (до 23:44:28)", "payload": null}

2026-02-27T23:39:28dialog-1772220002399{"status": "info", "message": "⏱️ Таймер продлён: +3м (до 23:47:28)", "payload": null}

2026-02-27T23:39:28dialog-1772220002399{"status": "info", "message": "⏱️ Задача таймера отменена", "payload": null}

2026-02-27T23:39:30dialog-1772220002399{"status": "info", "message": "Периодический скан:\n - Напоминаний: 0\n - System-сообщений: 0\n - Ответов: 1", "payload": null}

2026-02-27T23:40:00dialog-1772220002399{"status": "info", "message": "⏱️ Таймер: 448с до отключения", "payload": null}

2026-02-27T23:40:30dialog-1772220002399{"status": "info", "message": "⏱️ Таймер: 418с до отключения", "payload": null}

2026-02-27T23:40:31dialog-1772220002399{"status": "info", "message": "⏱️ Таймер сброшен: +5м (до 23:45:31)", "payload": null}

2026-02-27T23:40:31dialog-1772220002399{"status": "info", "message": "⏱️ Таймер продлён: +3м (до 23:48:31)", "payload": null}

2026-02-27T23:40:31dialog-1772220002399{"status": "info", "message": "⏱️ Задача таймера отменена", "payload": null}

2026-02-27T23:40:33dialog-1772220002399{"status": "info", "message": "Периодический скан:\n - Напоминаний: 0\n - System-сообщений: 0\n - Ответов: 1", "payload": null}

2026-02-27T23:41:03dialog-1772220002399{"status": "info", "message": "⏱️ Таймер: 447с до отключения", "payload": null}

2026-02-27T23:41:33dialog-1772220002399{"status": "info", "message": "⏱️ Таймер: 417с до отключения", "payload": null}

2026-02-27T23:41:34dialog-1772220002399{"status": "info", "message": "⏱️ Таймер сброшен: +5м (до 23:46:34)", "payload": null}

2026-02-27T23:41:34dialog-1772220002399{"status": "info", "message": "⏱️ Таймер продлён: +3м (до 23:49:34)", "payload": null}

2026-02-27T23:41:34dialog-1772220002399{"status": "info", "message": "⏱️ Задача таймера отменена", "payload": null}

2026-02-27T23:41:37dialog-1772220002399{"status": "info", "message": "Периодический скан:\n - Напоминаний: 0\n - System-сообщений: 0\n - Ответов: 1", "payload": null}

2026-02-27T23:42:07dialog-1772220002399{"status": "info", "message": "⏱️ Таймер: 447с до отключения", "payload": null}

2026-02-27T23:42:37dialog-1772220002399{"status": "info", "message": "⏱️ Таймер: 417с до отключения", "payload": null}

2026-02-27T23:42:38dialog-1772220002399{"status": "info", "message": "⏱️ Таймер сброшен: +5м (до 23:47:38)", "payload": null}

2026-02-27T23:42:38dialog-1772220002399{"status": "info", "message": "⏱️ Таймер продлён: +3м (до 23:50:38)", "payload": null}

2026-02-27T23:42:38dialog-1772220002399{"status": "info", "message": "⏱️ Задача таймера отменена", "payload": null}

2026-02-27T23:42:40dialog-1772220002399{"status": "info", "message": "Периодический скан:\n - Напоминаний: 0\n - System-сообщений: 0\n - Ответов: 1", "payload": null}

2026-02-27T23:43:10dialog-1772220002399{"status": "info", "message": "⏱️ Таймер: 448с до отключения", "payload": null}

2026-02-27T23:43:40dialog-1772220002399{"status": "info", "message": "⏱️ Таймер: 418с до отключения", "payload": null}

2026-02-27T23:43:40dialog-1772220002399{"status": "info", "message": "⏱️ Таймер сброшен: +5м (до 23:48:40)", "payload": null}

2026-02-27T23:43:40dialog-1772220002399{"status": "info", "message": "⏱️ Таймер продлён: +3м (до 23:51:40)", "payload": null}

2026-02-27T23:43:40dialog-1772220002399{"status": "info", "message": "⏱️ Задача таймера отменена", "payload": null}

2026-02-27T23:43:43dialog-1772220002399{"status": "info", "message": "Периодический скан:\n - Напоминаний: 0\n - System-сообщений: 0\n - Ответов: 1", "payload": null}

2026-02-27T23:44:13dialog-1772220002399{"status": "info", "message": "⏱️ Таймер: 447с до отключения", "payload": null}

2026-02-27T23:44:43dialog-1772220002399{"status": "info", "message": "⏱️ Таймер: 417с до отключения", "payload": null}

2026-02-27T23:44:43dialog-1772220002399{"status": "info", "message": "⏱️ Таймер сброшен: +5м (до 23:49:43)", "payload": null}

2026-02-27T23:44:43dialog-1772220002399{"status": "info", "message": "⏱️ Таймер продлён: +3м (до 23:52:43)", "payload": null}

2026-02-27T23:44:43dialog-1772220002399{"status": "info", "message": "⏱️ Задача таймера отменена", "payload": null}

2026-02-27T23:44:45dialog-1772220002399{"status": "info", "message": "Периодический скан:\n - Напоминаний: 0\n - System-сообщений: 0\n - Ответов: 1", "payload": null}

2026-02-27T23:45:15dialog-1772220002399{"status": "info", "message": "⏱️ Таймер: 447с до отключения", "payload": null}

2026-02-27T23:45:45dialog-1772220002399{"status": "info", "message": "⏱️ Таймер: 417с до отключения", "payload": null}

2026-02-27T23:45:46dialog-1772220002399{"status": "info", "message": "⏱️ Таймер сброшен: +5м (до 23:50:46)", "payload": null}

2026-02-27T23:45:46dialog-1772220002399{"status": "info", "message": "⏱️ Таймер продлён: +3м (до 23:53:46)", "payload": null}

2026-02-27T23:45:46dialog-1772220002399{"status": "info", "message": "⏱️ Задача таймера отменена", "payload": null}

2026-02-27T23:45:48dialog-1772220002399{"status": "info", "message": "Периодический скан:\n - Напоминаний: 0\n - System-сообщений: 0\n - Ответов: 1", "payload": null}

2026-02-27T23:46:18dialog-1772220002399{"status": "info", "message": "⏱️ Таймер: 448с до отключения", "payload": null}

2026-02-27T23:46:48dialog-1772220002399{"status": "info", "message": "⏱️ Таймер: 418с до отключения", "payload": null}

2026-02-27T23:46:49dialog-1772220002399{"status": "info", "message": "⏱️ Таймер сброшен: +5м (до 23:51:49)", "payload": null}

2026-02-27T23:46:49dialog-1772220002399{"status": "info", "message": "⏱️ Таймер продлён: +3м (до 23:54:49)", "payload": null}

2026-02-27T23:46:49dialog-1772220002399{"status": "info", "message": "⏱️ Задача таймера отменена", "payload": null}

2026-02-27T23:46:51dialog-1772220002399{"status": "info", "message": "Периодический скан:\n - Напоминаний: 0\n - System-сообщений: 0\n - Ответов: 1", "payload": null}

2026-02-27T23:47:21dialog-1772220002399{"status": "info", "message": "⏱️ Таймер: 447с до отключения", "payload": null}

2026-02-27T23:47:51dialog-1772220002399{"status": "info", "message": "⏱️ Таймер: 417с до отключения", "payload": null}

2026-02-27T23:47:52dialog-1772220002399{"status": "info", "message": "⏱️ Таймер сброшен: +5м (до 23:52:52)", "payload": null}

2026-02-27T23:47:52dialog-1772220002399{"status": "info", "message": "⏱️ Таймер продлён: +3м (до 23:55:52)", "payload": null}

2026-02-27T23:47:52dialog-1772220002399{"status": "info", "message": "⏱️ Задача таймера отменена", "payload": null}

2026-02-27T23:47:54dialog-1772220002399{"status": "info", "message": "Периодический скан:\n - Напоминаний: 0\n - System-сообщений: 0\n - Ответов: 1", "payload": null}

2026-02-27T23:48:24dialog-1772220002399{"status": "info", "message": "⏱️ Таймер: 448с до отключения", "payload": null}

2026-02-27T23:48:54dialog-1772220002399{"status": "info", "message": "⏱️ Таймер: 418с до отключения", "payload": null}

2026-02-27T23:48:55dialog-1772220002399{"status": "info", "message": "⏱️ Таймер сброшен: +5м (до 23:53:55)", "payload": null}

2026-02-27T23:48:55dialog-1772220002399{"status": "info", "message": "⏱️ Таймер продлён: +3м (до 23:56:55)", "payload": null}

2026-02-27T23:48:55dialog-1772220002399{"status": "info", "message": "⏱️ Задача таймера отменена", "payload": null}

2026-02-27T23:48:57dialog-1772220002399{"status": "info", "message": "Периодический скан:\n - Напоминаний: 0\n - System-сообщений: 0\n - Ответов: 1", "payload": null}

2026-02-27T23:49:27dialog-1772220002399{"status": "info", "message": "⏱️ Таймер: 447с до отключения", "payload": null}

2026-02-27T23:49:57dialog-1772220002399{"status": "info", "message": "⏱️ Таймер: 417с до отключения", "payload": null}

2026-02-27T23:49:58dialog-1772220002399{"status": "info", "message": "⏱️ Таймер сброшен: +5м (до 23:54:58)", "payload": null}

2026-02-27T23:49:58dialog-1772220002399{"status": "info", "message": "⏱️ Таймер продлён: +3м (до 23:57:58)", "payload": null}

2026-02-27T23:49:58dialog-1772220002399{"status": "info", "message": "⏱️ Задача таймера отменена", "payload": null}

2026-02-27T23:50:01dialog-1772220002399{"status": "info", "message": "Периодический скан:\n - Напоминаний: 0\n - System-сообщений: 0\n - Ответов: 1", "payload": null}

2026-02-27T23:50:31dialog-1772220002399{"status": "info", "message": "⏱️ Таймер: 447с до отключения", "payload": null}

2026-02-27T23:51:01dialog-1772220002399{"status": "info", "message": "⏱️ Таймер: 417с до отключения", "payload": null}

2026-02-27T23:51:02dialog-1772220002399{"status": "info", "message": "⏱️ Таймер сброшен: +5м (до 23:56:02)", "payload": null}

2026-02-27T23:51:02dialog-1772220002399{"status": "info", "message": "⏱️ Таймер продлён: +3м (до 23:59:02)", "payload": null}

2026-02-27T23:51:02dialog-1772220002399{"status": "info", "message": "⏱️ Задача таймера отменена", "payload": null}

2026-02-27T23:51:04dialog-1772220002399{"status": "info", "message": "Периодический скан:\n - Напоминаний: 0\n - System-сообщений: 0\n - Ответов: 1", "payload": null}

2026-02-27T23:51:34dialog-1772220002399{"status": "info", "message": "⏱️ Таймер: 448с до отключения", "payload": null}

2026-02-27T23:52:04dialog-1772220002399{"status": "info", "message": "⏱️ Таймер: 418с до отключения", "payload": null}

2026-02-27T23:52:05dialog-1772220002399{"status": "info", "message": "⏱️ Таймер сброшен: +5м (до 23:57:05)", "payload": null}

2026-02-27T23:52:05dialog-1772220002399{"status": "info", "message": "⏱️ Таймер продлён: +3м (до 00:00:05)", "payload": null}

2026-02-27T23:52:05dialog-1772220002399{"status": "info", "message": "⏱️ Задача таймера отменена", "payload": null}

2026-02-27T23:52:07dialog-1772220002399{"status": "info", "message": "Периодический скан:\n - Напоминаний: 0\n - System-сообщений: 0\n - Ответов: 1", "payload": null}

2026-02-27T23:52:37dialog-1772220002399{"status": "info", "message": "⏱️ Таймер: 447с до отключения", "payload": null}